<?xml version="1.0" encoding="UTF-8"?>
<!-- Generated by org.testng.reporters.JUnitXMLReporter -->
<testsuite ignored="1" hostname="DESKTOP-J4DOH0P" failures="0" tests="1" name="Default test" time="30.943" errors="0" timestamp="01 Jun 2019 20:29:27 GMT">
  <testcase classname="com.capsuleCrm.TestCases.TestCase" name="VerifyAccountSettingsOptionsTest" time="22.823"/>
  <testcase classname="com.capsuleCrm.TestCases.TestCase" name="AgentVerification" time="0.0">
    <ignored/>
  </testcase> <!-- AgentVerification -->
</testsuite> <!-- Default test -->
