<?xml version="1.0" encoding="UTF-8"?>
<!-- Generated by org.testng.reporters.JUnitXMLReporter -->
<testsuite ignored="0" hostname="DESKTOP-J4DOH0P" failures="0" tests="2" name="Default test" time="44.935" errors="0" timestamp="02 Jun 2019 13:32:20 GMT">
  <testcase classname="com.capsuleCrm.TestCases.TestCase" name="AgentVerification" time="10.416"/>
  <testcase classname="com.capsuleCrm.TestCases.TestCase" name="VerifyAccountSettingsOptionsTest" time="21.843"/>
</testsuite> <!-- Default test -->
