<?xml version="1.0" encoding="UTF-8"?>
<!-- Generated by org.testng.reporters.JUnitXMLReporter -->
<testsuite ignored="0" hostname="DESKTOP-J4DOH0P" failures="0" tests="2" name="Default test" time="49.163" errors="0" timestamp="01 Jun 2019 20:50:59 GMT">
  <testcase classname="com.capsuleCrm.TestCases.TestCase" name="AgentVerification" time="11.053"/>
  <testcase classname="com.capsuleCrm.TestCases.TestCase" name="VerifyAccountSettingsOptionsTest" time="22.482"/>
</testsuite> <!-- Default test -->
