<?xml version="1.0" encoding="UTF-8"?>
<testng-results ignored="1" total="2" passed="1" failed="0" skipped="0">
  <reporter-output>
  </reporter-output>
  <suite started-at="2019-06-01T20:28:56Z" name="Default suite" finished-at="2019-06-01T20:29:27Z" duration-ms="30943">
    <groups>
    </groups>
    <test started-at="2019-06-01T20:28:56Z" name="Default test" finished-at="2019-06-01T20:29:27Z" duration-ms="30943">
      <class name="com.capsuleCrm.TestCases.TestCase">
        <test-method is-config="true" signature="SetUp()[pri:0, instance:com.capsuleCrm.TestCases.TestCase@6a03bcb1]" started-at="2019-06-01T20:28:57Z" name="SetUp" finished-at="2019-06-01T20:29:04Z" duration-ms="7248" status="PASS">
          <reporter-output>
          </reporter-output>
        </test-method> <!-- SetUp -->
        <test-method signature="VerifyAccountSettingsOptionsTest(java.lang.String, java.lang.String, java.lang.String, java.lang.String)[pri:2, instance:com.capsuleCrm.TestCases.TestCase@6a03bcb1]" started-at="2019-06-01T20:29:04Z" name="VerifyAccountSettingsOptionsTest" data-provider="getNewUserData" finished-at="2019-06-01T20:29:27Z" duration-ms="22823" status="PASS">
          <params>
            <param index="0">
              <value>
                <![CDATA[Tom]]>
              </value>
            </param>
            <param index="1">
              <value>
                <![CDATA[Henry]]>
              </value>
            </param>
            <param index="2">
              <value>
                <![CDATA[Tom.Henry@gmail.com]]>
              </value>
            </param>
            <param index="3">
              <value>
                <![CDATA[Thenry]]>
              </value>
            </param>
          </params>
          <reporter-output>
          </reporter-output>
        </test-method> <!-- VerifyAccountSettingsOptionsTest -->
        <test-method is-config="true" signature="TearDown(org.testng.ITestResult)[pri:0, instance:com.capsuleCrm.TestCases.TestCase@6a03bcb1]" started-at="2019-06-01T20:29:27Z" name="TearDown" finished-at="2019-06-01T20:29:27Z" duration-ms="1" status="PASS">
          <params>
            <param index="0">
              <value>
                <![CDATA[[TestResult name=VerifyAccountSettingsOptionsTest status=SUCCESS method=TestCase.VerifyAccountSettingsOptionsTest(java.lang.String, java.lang.String, java.lang.String, java.lang.String)[pri:2, instance:com.capsuleCrm.TestCases.TestCase@6a03bcb1] output={null}]]]>
              </value>
            </param>
          </params>
          <reporter-output>
          </reporter-output>
        </test-method> <!-- TearDown -->
      </class> <!-- com.capsuleCrm.TestCases.TestCase -->
    </test> <!-- Default test -->
  </suite> <!-- Default suite -->
</testng-results>
