<?xml version="1.0" encoding="UTF-8"?>
<testng-results ignored="0" total="2" passed="2" failed="0" skipped="0">
  <reporter-output>
  </reporter-output>
  <suite started-at="2019-06-01T20:50:09Z" name="Default suite" finished-at="2019-06-01T20:50:59Z" duration-ms="49163">
    <groups>
    </groups>
    <test started-at="2019-06-01T20:50:09Z" name="Default test" finished-at="2019-06-01T20:50:59Z" duration-ms="49163">
      <class name="com.capsuleCrm.TestCases.TestCase">
        <test-method is-config="true" signature="SetUp()[pri:0, instance:com.capsuleCrm.TestCases.TestCase@21b2e768]" started-at="2019-06-01T20:50:10Z" name="SetUp" finished-at="2019-06-01T20:50:19Z" duration-ms="8185" status="PASS">
          <reporter-output>
          </reporter-output>
        </test-method> <!-- SetUp -->
        <test-method signature="AgentVerification(java.lang.String, java.lang.String, java.lang.String, java.lang.String, java.lang.String, java.lang.String, java.lang.String, java.lang.String, java.lang.String, java.lang.String, java.lang.String, java.lang.String, java.lang.String, java.lang.String)[pri:1, instance:com.capsuleCrm.TestCases.TestCase@21b2e768]" started-at="2019-06-01T20:50:19Z" name="AgentVerification" data-provider="getPersonAndCaseTestData" finished-at="2019-06-01T20:50:30Z" duration-ms="11053" status="PASS">
          <params>
            <param index="0">
              <value>
                <![CDATA[Mr]]>
              </value>
            </param>
            <param index="1">
              <value>
                <![CDATA[Micheal]]>
              </value>
            </param>
            <param index="2">
              <value>
                <![CDATA[Hendrik]]>
              </value>
            </param>
            <param index="3">
              <value>
                <![CDATA[Manager]]>
              </value>
            </param>
            <param index="4">
              <value>
                <![CDATA[Epam]]>
              </value>
            </param>
            <param index="5">
              <value>
                <![CDATA[Imp]]>
              </value>
            </param>
            <param index="6">
              <value>
                <![CDATA[7.689034789E9]]>
              </value>
            </param>
            <param index="7">
              <value>
                <![CDATA[abcd@gmail.com]]>
              </value>
            </param>
            <param index="8">
              <value>
                <![CDATA[https://abdsgffgsjfhjhf/profile]]>
              </value>
            </param>
            <param index="9">
              <value>
                <![CDATA[Micheal Hendrik]]>
              </value>
            </param>
            <param index="10">
              <value>
                <![CDATA[Loan Issue]]>
              </value>
            </param>
            <param index="11">
              <value>
                <![CDATA[Dental Clinic-Loan Issue Test]]>
              </value>
            </param>
            <param index="12">
              <value>
                <![CDATA[Imp]]>
              </value>
            </param>
            <param index="13">
              <value>
                <![CDATA[Open]]>
              </value>
            </param>
          </params>
          <reporter-output>
          </reporter-output>
        </test-method> <!-- AgentVerification -->
        <test-method is-config="true" signature="TearDown(org.testng.ITestResult)[pri:0, instance:com.capsuleCrm.TestCases.TestCase@21b2e768]" started-at="2019-06-01T20:50:30Z" name="TearDown" finished-at="2019-06-01T20:50:30Z" duration-ms="743" status="PASS">
          <params>
            <param index="0">
              <value>
                <![CDATA[[TestResult name=AgentVerification status=SUCCESS method=TestCase.AgentVerification(java.lang.String, java.lang.String, java.lang.String, java.lang.String, java.lang.String, java.lang.String, java.lang.String, java.lang.String, java.lang.String, java.lang.String, java.lang.String, java.lang.String, java.lang.String, java.lang.String)[pri:1, instance:com.capsuleCrm.TestCases.TestCase@21b2e768] output={null}]]]>
              </value>
            </param>
          </params>
          <reporter-output>
          </reporter-output>
        </test-method> <!-- TearDown -->
        <test-method is-config="true" signature="SetUp()[pri:0, instance:com.capsuleCrm.TestCases.TestCase@21b2e768]" started-at="2019-06-01T20:50:31Z" name="SetUp" finished-at="2019-06-01T20:50:35Z" duration-ms="4875" status="PASS">
          <reporter-output>
          </reporter-output>
        </test-method> <!-- SetUp -->
        <test-method signature="VerifyAccountSettingsOptionsTest(java.lang.String, java.lang.String, java.lang.String, java.lang.String)[pri:2, instance:com.capsuleCrm.TestCases.TestCase@21b2e768]" started-at="2019-06-01T20:50:35Z" name="VerifyAccountSettingsOptionsTest" data-provider="getNewUserData" finished-at="2019-06-01T20:50:58Z" duration-ms="22482" status="PASS">
          <params>
            <param index="0">
              <value>
                <![CDATA[Tom]]>
              </value>
            </param>
            <param index="1">
              <value>
                <![CDATA[Henry]]>
              </value>
            </param>
            <param index="2">
              <value>
                <![CDATA[Tom.Henry@gmail.com]]>
              </value>
            </param>
            <param index="3">
              <value>
                <![CDATA[Thenry]]>
              </value>
            </param>
          </params>
          <reporter-output>
          </reporter-output>
        </test-method> <!-- VerifyAccountSettingsOptionsTest -->
        <test-method is-config="true" signature="TearDown(org.testng.ITestResult)[pri:0, instance:com.capsuleCrm.TestCases.TestCase@21b2e768]" started-at="2019-06-01T20:50:58Z" name="TearDown" finished-at="2019-06-01T20:50:59Z" duration-ms="728" status="PASS">
          <params>
            <param index="0">
              <value>
                <![CDATA[[TestResult name=VerifyAccountSettingsOptionsTest status=SUCCESS method=TestCase.VerifyAccountSettingsOptionsTest(java.lang.String, java.lang.String, java.lang.String, java.lang.String)[pri:2, instance:com.capsuleCrm.TestCases.TestCase@21b2e768] output={null}]]]>
              </value>
            </param>
          </params>
          <reporter-output>
          </reporter-output>
        </test-method> <!-- TearDown -->
      </class> <!-- com.capsuleCrm.TestCases.TestCase -->
    </test> <!-- Default test -->
  </suite> <!-- Default suite -->
</testng-results>
