<?xml version="1.0" encoding="UTF-8"?>
<!-- Generated by org.testng.reporters.JUnitXMLReporter -->
<testsuite ignored="1" hostname="DESKTOP-J4DOH0P" failures="1" tests="1" name="CapsuleCRM Test Cases" time="1.007" errors="0" timestamp="31 May 2019 14:34:40 GMT">
  <testcase classname="com.capsuleCrm.TestCases.TestCase2" name="VerifyAccountSettingsOptionsTest" time="0.048">
    <failure type="java.lang.NullPointerException">
      <![CDATA[java.lang.NullPointerException
at org.openqa.selenium.support.pagefactory.DefaultElementLocator.findElement(DefaultElementLocator.java:69)
at org.openqa.selenium.support.pagefactory.internal.LocatingElementHandler.invoke(LocatingElementHandler.java:38)
at com.sun.proxy.$Proxy13.sendKeys(Unknown Source)
at com.capsuleCrm.WebPages.LoginPage.EnterCredentials(LoginPage.java:44)
at com.capsuleCrm.TestCases.TestCase2.VerifyAccountSettingsOptionsTest(TestCase2.java:69)
... Removed 25 stack frames]]>
    </failure>
  </testcase> <!-- VerifyAccountSettingsOptionsTest -->
  <testcase classname="com.capsuleCrm.TestCases.TestCase1" name="AgentVerification" time="0.0">
    <ignored/>
  </testcase> <!-- AgentVerification -->
</testsuite> <!-- CapsuleCRM Test Cases -->
